This is pdfTeX, Version 3.141592653-2.6-1.40.29 (MiKTeX 26.5) (preloaded format=pdflatex 2026.6.26)  20 JUL 2026 19:20
entering extended mode
 restricted \write18 enabled.
 %&-line parsing enabled.
**./proyecto-reduccion-dimensionalidad.tex
(proyecto-reduccion-dimensionalidad.tex
LaTeX2e <2026-06-01>
L3 programming layer <2026-05-26>
(C:\Users\Erick\AppData\Local\Programs\MiKTeX\tex/latex/base\article.cls
Document Class: article 2025/01/22 v1.4n Standard LaTeX document class
(C:\Users\Erick\AppData\Local\Programs\MiKTeX\tex/latex/base\size10.clo
File: size10.clo 2025/01/22 v1.4n Standard LaTeX file (size option)
)
\c@part=\count276
\c@section=\count277
\c@subsection=\count278
\c@subsubsection=\count279
\c@paragraph=\count280
\c@subparagraph=\count281
\c@figure=\count282
\c@table=\count283
\abovecaptionskip=\skip49
\belowcaptionskip=\skip50
\bibindent=\dimen150
) (C:\Users\Erick\AppData\Local\Programs\MiKTeX\tex/latex/xcolor\xcolor.sty
Package: xcolor 2024/09/29 v3.02 LaTeX color extensions (UK)
(C:\Users\Erick\AppData\Local\Programs\MiKTeX\tex/latex/graphics-cfg\color.cfg
File: color.cfg 2016/01/02 v1.6 sample color configuration
)
Package xcolor Info: Driver file: pdftex.def on input line 274.

(C:\Users\Erick\AppData\Local\Programs\MiKTeX\tex/latex/graphics-def\pdftex.def
File: pdftex.def 2025/09/29 v1.2d Graphics/color driver for pdftex
) (C:\Users\Erick\AppData\Local\Programs\MiKTeX\tex/latex/graphics\mathcolor.lt
x)
Package xcolor Info: Model `cmy' substituted by `cmy0' on input line 1349.
Package xcolor Info: Model `hsb' substituted by `rgb' on input line 1353.
Package xcolor Info: Model `RGB' extended on input line 1365.
Package xcolor Info: Model `HTML' substituted by `rgb' on input line 1367.
Package xcolor Info: Model `Hsb' substituted by `hsb' on input line 1368.
Package xcolor Info: Model `tHsb' substituted by `hsb' on input line 1369.
Package xcolor Info: Model `HSB' substituted by `hsb' on input line 1370.
Package xcolor Info: Model `Gray' substituted by `gray' on input line 1371.
Package xcolor Info: Model `wave' substituted by `hsb' on input line 1372.
) (C:\Users\Erick\AppData\Local\Programs\MiKTeX\tex/latex/graphics\dvipsnam.def
File: dvipsnam.def 2026-05-17 v3.0m Driver-dependent file (DPC,SPQR)
) (C:\Users\Erick\AppData\Local\Programs\MiKTeX\tex/latex/xcolor\svgnam.def
File: svgnam.def 2024/09/29 v3.02 Predefined colors according to SVG 1.1 (UK)
) (C:\Users\Erick\AppData\Local\Programs\MiKTeX\tex/latex/xcolor\x11nam.def
File: x11nam.def 2024/09/29 v3.02 Predefined colors according to Unix/X11 (UK)
) (C:\Users\Erick\AppData\Local\Programs\MiKTeX\tex/latex/geometry\geometry.sty
Package: geometry 2026/03/07 v6.0 Page Geometry
(C:\Users\Erick\AppData\Local\Programs\MiKTeX\tex/latex/graphics\keyval.sty
Package: keyval 2026-05-17 v1.15 key=value parser (DPC)
\KV@toks@=\toks17
) (C:\Users\Erick\AppData\Local\Programs\MiKTeX\tex/generic/iftex\ifvtex.sty
Package: ifvtex 2019/10/25 v1.7 ifvtex legacy package. Use iftex instead.
(C:\Users\Erick\AppData\Local\Programs\MiKTeX\tex/generic/iftex\iftex.sty
Package: iftex 2024/12/12 v1.0g TeX engine tests
))
\Gm@cnth=\count284
\Gm@cntv=\count285
\c@Gm@tempcnt=\count286
\Gm@bindingoffset=\dimen151
\Gm@wd@mp=\dimen152
\Gm@odd@mp=\dimen153
\Gm@even@mp=\dimen154
\Gm@layoutwidth=\dimen155
\Gm@layoutheight=\dimen156
\Gm@layouthoffset=\dimen157
\Gm@layoutvoffset=\dimen158
\Gm@dimlist=\toks18
(C:\Users\Erick\AppData\Local\Programs\MiKTeX\tex/latex/geometry\geometry.cfg))
(C:\Users\Erick\AppData\Local\Programs\MiKTeX\tex/latex/amsmath\amsmath.sty
Package: amsmath 2026/05/19 v2.18d AMS math features
\@mathmargin=\skip51
For additional information on amsmath, use the `?' option.
(C:\Users\Erick\AppData\Local\Programs\MiKTeX\tex/latex/amsmath\amstext.sty
Package: amstext 2024/11/17 v2.01 AMS text
(C:\Users\Erick\AppData\Local\Programs\MiKTeX\tex/latex/amsmath\amsgen.sty
File: amsgen.sty 1999/11/30 v2.0 generic functions
\@emptytoks=\toks19
\ex@=\dimen159
)) (C:\Users\Erick\AppData\Local\Programs\MiKTeX\tex/latex/amsmath\amsbsy.sty
Package: amsbsy 1999/11/29 v1.2d Bold Symbols
\pmbraise@=\dimen160
) (C:\Users\Erick\AppData\Local\Programs\MiKTeX\tex/latex/amsmath\amsopn.sty
Package: amsopn 2022/04/08 v2.04 operator names
)
\inf@bad=\count287
LaTeX Info: Redefining \frac on input line 233.
\uproot@=\count288
\leftroot@=\count289
LaTeX Info: Redefining \overline on input line 398.
LaTeX Info: Redefining \colon on input line 409.
\classnum@=\count290
\DOTSCASE@=\count291
LaTeX Info: Redefining \ldots on input line 495.
LaTeX Info: Redefining \dots on input line 498.
LaTeX Info: Redefining \cdots on input line 619.
\Mathstrutbox@=\box53
\strutbox@=\box54
LaTeX Info: Redefining \big on input line 721.
LaTeX Info: Redefining \Big on input line 722.
LaTeX Info: Redefining \bigg on input line 723.
LaTeX Info: Redefining \Bigg on input line 724.
\big@size=\dimen161
LaTeX Font Info:    Redeclaring font encoding OML on input line 742.
LaTeX Font Info:    Redeclaring font encoding OMS on input line 743.
\macc@depth=\count292
LaTeX Info: Redefining \bmod on input line 904.
LaTeX Info: Redefining \pmod on input line 909.
LaTeX Info: Redefining \smash on input line 939.
LaTeX Info: Redefining \relbar on input line 969.
LaTeX Info: Redefining \Relbar on input line 970.
\c@MaxMatrixCols=\count293
\dotsspace@=\muskip17
\c@parentequation=\count294
\dspbrk@lvl=\count295
\tag@help=\toks20
\row@=\count296
\column@=\count297
\maxfields@=\count298
\andhelp@=\toks21
\eqnshift@=\dimen162
\alignsep@=\dimen163
\tagshift@=\dimen164
\tagwidth@=\dimen165
\totwidth@=\dimen166
\lineht@=\dimen167
\@envbody=\toks22
\multlinegap=\skip52
\multlinetaggap=\skip53
\mathdisplay@stack=\toks23
LaTeX Info: Redefining \[ on input line 2965.
LaTeX Info: Redefining \] on input line 2966.
) (C:\Users\Erick\AppData\Local\Programs\MiKTeX\tex/latex/amsfonts\amssymb.sty
Package: amssymb 2013/01/14 v3.01 AMS font symbols
(C:\Users\Erick\AppData\Local\Programs\MiKTeX\tex/latex/amsfonts\amsfonts.sty
Package: amsfonts 2013/01/14 v3.01 Basic AMSFonts support
\symAMSa=\mathgroup4
\symAMSb=\mathgroup5
LaTeX Font Info:    Redeclaring math symbol \hbar on input line 98.
LaTeX Font Info:    Overwriting math alphabet `\mathfrak' in version `bold'
(Font)                  U/euf/m/n --> U/euf/b/n on input line 106.
)) (C:\Users\Erick\AppData\Local\Programs\MiKTeX\tex/latex/base\fontenc.sty
Package: fontenc 2025/07/18 v2.1d Standard LaTeX package
) (C:\Users\Erick\AppData\Local\Programs\MiKTeX\tex/latex/base\inputenc.sty
Package: inputenc 2024/02/08 v1.3d Input encoding file
\inpenc@prehook=\toks24
\inpenc@posthook=\toks25
) (C:\Users\Erick\AppData\Local\Programs\MiKTeX\tex/latex/base\textcomp.sty
Package: textcomp 2024/04/24 v2.1b Standard LaTeX package
) (C:\Users\Erick\AppData\Local\Programs\MiKTeX\tex/latex/lm\lmodern.sty
Package: lmodern 2015/05/01 v1.6.1 Latin Modern Fonts
LaTeX Font Info:    Overwriting symbol font `operators' in version `normal'
(Font)                  OT1/cmr/m/n --> OT1/lmr/m/n on input line 22.
LaTeX Font Info:    Overwriting symbol font `letters' in version `normal'
(Font)                  OML/cmm/m/it --> OML/lmm/m/it on input line 23.
LaTeX Font Info:    Overwriting symbol font `symbols' in version `normal'
(Font)                  OMS/cmsy/m/n --> OMS/lmsy/m/n on input line 24.
LaTeX Font Info:    Overwriting symbol font `largesymbols' in version `normal'
(Font)                  OMX/cmex/m/n --> OMX/lmex/m/n on input line 25.
LaTeX Font Info:    Overwriting symbol font `operators' in version `bold'
(Font)                  OT1/cmr/bx/n --> OT1/lmr/bx/n on input line 26.
LaTeX Font Info:    Overwriting symbol font `letters' in version `bold'
(Font)                  OML/cmm/b/it --> OML/lmm/b/it on input line 27.
LaTeX Font Info:    Overwriting symbol font `symbols' in version `bold'
(Font)                  OMS/cmsy/b/n --> OMS/lmsy/b/n on input line 28.
LaTeX Font Info:    Overwriting symbol font `largesymbols' in version `bold'
(Font)                  OMX/cmex/m/n --> OMX/lmex/m/n on input line 29.
LaTeX Font Info:    Overwriting math alphabet `\mathbf' in version `normal'
(Font)                  OT1/cmr/bx/n --> OT1/lmr/bx/n on input line 31.
LaTeX Font Info:    Overwriting math alphabet `\mathsf' in version `normal'
(Font)                  OT1/cmss/m/n --> OT1/lmss/m/n on input line 32.
LaTeX Font Info:    Overwriting math alphabet `\mathit' in version `normal'
(Font)                  OT1/cmr/m/it --> OT1/lmr/m/it on input line 33.
LaTeX Font Info:    Overwriting math alphabet `\mathtt' in version `normal'
(Font)                  OT1/cmtt/m/n --> OT1/lmtt/m/n on input line 34.
LaTeX Font Info:    Overwriting math alphabet `\mathbf' in version `bold'
(Font)                  OT1/cmr/bx/n --> OT1/lmr/bx/n on input line 35.
LaTeX Font Info:    Overwriting math alphabet `\mathsf' in version `bold'
(Font)                  OT1/cmss/bx/n --> OT1/lmss/bx/n on input line 36.
LaTeX Font Info:    Overwriting math alphabet `\mathit' in version `bold'
(Font)                  OT1/cmr/bx/it --> OT1/lmr/bx/it on input line 37.
LaTeX Font Info:    Overwriting math alphabet `\mathtt' in version `bold'
(Font)                  OT1/cmtt/m/n --> OT1/lmtt/m/n on input line 38.
) (C:\Users\Erick\AppData\Local\Programs\MiKTeX\tex/latex/upquote\upquote.sty
Package: upquote 2012/04/19 v1.3 upright-quote and grave-accent glyphs in verba
tim
)
(C:\Users\Erick\AppData\Local\Programs\MiKTeX\tex/latex/microtype\microtype.sty
Package: microtype 2026/03/01 v3.2d Micro-typographical refinements (RS)
(C:\Users\Erick\AppData\Local\Programs\MiKTeX\tex/latex/etoolbox\etoolbox.sty
Package: etoolbox 2025/10/02 v2.5m e-TeX tools for LaTeX (JAW)
\etb@tempcnta=\count299
)
\MT@toks=\toks26
\MT@tempbox=\box55
\MT@count=\count300
LaTeX Info: Redefining \noprotrusionifhmode on input line 1084.
LaTeX Info: Redefining \leftprotrusion on input line 1085.
\MT@prot@toks=\toks27
LaTeX Info: Redefining \rightprotrusion on input line 1104.
LaTeX Info: Redefining \textls on input line 1449.
\MT@outer@kern=\dimen168
LaTeX Info: Redefining \microtypecontext on input line 2053.
LaTeX Info: Redefining \textmicrotypecontext on input line 2070.
\MT@listname@count=\count301

(C:\Users\Erick\AppData\Local\Programs\MiKTeX\tex/latex/microtype\microtype-pdf
tex.def
File: microtype-pdftex.def 2026/03/01 v3.2d Definitions specific to pdftex (RS)

LaTeX Info: Redefining \lsstyle on input line 944.
LaTeX Info: Redefining \lslig on input line 944.
\MT@outer@space=\skip54
)
Package microtype Info: Loading configuration file microtype.cfg.

(C:\Users\Erick\AppData\Local\Programs\MiKTeX\tex/latex/microtype\microtype.cfg
File: microtype.cfg 2026/03/01 v3.2d microtype main configuration file (RS)
)
LaTeX Info: Redefining \microtypesetup on input line 3065.
) (C:\Users\Erick\AppData\Local\Programs\MiKTeX\tex/latex/parskip\parskip.sty
Package: parskip 2021-03-14 v2.0h non-zero parskip adjustments

(C:\Users\Erick\AppData\Local\Programs\MiKTeX\tex/latex/kvoptions\kvoptions.sty
Package: kvoptions 2022-06-15 v3.15 Key value format for package options (HO)
(C:\Users\Erick\AppData\Local\Programs\MiKTeX\tex/generic/ltxcmds\ltxcmds.sty
Package: ltxcmds 2023-12-04 v1.26 LaTeX kernel commands for general use (HO)
)
(C:\Users\Erick\AppData\Local\Programs\MiKTeX\tex/latex/kvsetkeys\kvsetkeys.sty
Package: kvsetkeys 2022-10-05 v1.19 Key value parser (HO)
))) (C:\Users\Erick\AppData\Local\Programs\MiKTeX\tex/latex/tools\longtable.sty
Package: longtable 2026-01-28 v4.27 Multi-page Table package (DPC)
\LTleft=\skip55
\LTright=\skip56
\LTpre=\skip57
\LTpost=\skip58
\LTchunksize=\count302
\LTcapwidth=\dimen169
\LT@head=\box56
\LT@firsthead=\box57
\LT@foot=\box58
\LT@lastfoot=\box59
\LT@gbox=\box60
\LT@cols=\count303
\LT@rows=\count304
\c@LT@tables=\count305
\c@LT@chunks=\count306
\LT@p@ftn=\toks28
) (C:\Users\Erick\AppData\Local\Programs\MiKTeX\tex/latex/booktabs\booktabs.sty
Package: booktabs 2020/01/12 v1.61803398 Publication quality tables
\heavyrulewidth=\dimen170
\lightrulewidth=\dimen171
\cmidrulewidth=\dimen172
\belowrulesep=\dimen173
\belowbottomsep=\dimen174
\aboverulesep=\dimen175
\abovetopsep=\dimen176
\cmidrulesep=\dimen177
\cmidrulekern=\dimen178
\defaultaddspace=\dimen179
\@cmidla=\count307
\@cmidlb=\count308
\@aboverulesep=\dimen180
\@belowrulesep=\dimen181
\@thisruleclass=\count309
\@lastruleclass=\count310
\@thisrulewidth=\dimen182
) (C:\Users\Erick\AppData\Local\Programs\MiKTeX\tex/latex/tools\array.sty
Package: array 2026/02/24 v2.7b Tabular extension package (FMi)
\col@sep=\dimen183
\ar@mcellbox=\box61
\extrarowheight=\dimen184
\NC@list=\toks29
\extratabsurround=\skip59
\backup@length=\skip60
\ar@cellbox=\box62
)
\c@none=\count311
(C:\Users\Erick\AppData\Local\Programs\MiKTeX\tex/latex/tools\calc.sty
Package: calc 2025/03/01 v4.3b Infix arithmetic (KKT,FJ)
\calc@Acount=\count312
\calc@Bcount=\count313
\calc@Adimen=\dimen185
\calc@Bdimen=\dimen186
\calc@Askip=\skip61
\calc@Bskip=\skip62
LaTeX Info: Redefining \setlength on input line 86.
LaTeX Info: Redefining \addtolength on input line 87.
\calc@Ccount=\count314
\calc@Cskip=\skip63
)
(C:\Users\Erick\AppData\Local\Programs\MiKTeX\tex/latex/footnotehyper\footnoteh
yper.sty
Package: footnotehyper 2025/11/15 v1.1f hyperref aware footnote.sty (JFB)
\FNH@notes=\box63
\FNH@width=\dimen187
\FNH@toks=\toks30
) (C:\Users\Erick\AppData\Local\Programs\MiKTeX\tex/latex/graphics\graphicx.sty
Package: graphicx 2026-05-17 v1.2e Enhanced LaTeX Graphics (DPC,SPQR)
(C:\Users\Erick\AppData\Local\Programs\MiKTeX\tex/latex/graphics\graphics.sty
Package: graphics 2026-05-17 v1.4h Standard LaTeX Graphics (DPC,SPQR)
(C:\Users\Erick\AppData\Local\Programs\MiKTeX\tex/latex/graphics\trig.sty
Package: trig 2023/12/02 v1.11 sin cos tan (DPC)
)
(C:\Users\Erick\AppData\Local\Programs\MiKTeX\tex/latex/graphics-cfg\graphics.c
fg
File: graphics.cfg 2016/06/04 v1.11 sample graphics configuration
)
Package graphics Info: Driver file: pdftex.def on input line 106.
)
\Gin@req@height=\dimen188
\Gin@req@width=\dimen189
)
\pandoc@box=\box64
(C:\Users\Erick\AppData\Local\Programs\MiKTeX\tex/generic/babel\babel.sty
Package: babel 2026/05/20 v26.8 The multilingual framework for LuaLaTeX, pdfLaT
eX and XeLaTeX
\babel@savecnt=\count315
LaTeX Encoding Info:    Redeclaring text command \ij (encoding OT1) on input li
ne 2084.
LaTeX Encoding Info:    Redeclaring text command \IJ (encoding OT1) on input li
ne 2086.
LaTeX Encoding Info:    Redeclaring text command \ij (encoding T1) on input lin
e 2088.
LaTeX Encoding Info:    Redeclaring text command \IJ (encoding T1) on input lin
e 2089.
LaTeX Encoding Info:    Ignoring declaration for text command \ij (encoding ?) 
on input line 2090.
LaTeX Encoding Info:    Ignoring declaration for text command \IJ (encoding ?) 
on input line 2092.
LaTeX Encoding Info:    Ignoring declaration for text command \SS (encoding ?) 
on input line 2117.
\U@D=\dimen190
\l@unhyphenated=\language79
(C:\Users\Erick\AppData\Local\Programs\MiKTeX\tex/generic/babel\txtbabel.def)
\bbl@readstream=\read2
\bbl@dirlevel=\count316
Package babel Info: Configuration files are deprecated, as
(babel)             they can break document portability.
(babel)             Reported on input line 4228.
*************************************
* Local config file bblopts.cfg used
*
(C:\Users\Erick\AppData\Local\Programs\MiKTeX\tex/latex/arabi\bblopts.cfg
File: bblopts.cfg 2005/09/08 v0.1 add Arabic and Farsi to "declared" options of
 babel
)
(C:\Users\Erick\AppData\Local\Programs\MiKTeX\tex/generic/babel/locale/es\babel
-spanish.tex)
Package babel Info: Importing font and identification data for spanish
(babel)             from babel-es.ini. Reported on input line 4356.

(C:\Users\Erick\AppData\Local\Programs\MiKTeX\tex/latex/babel-spanish\spanish.l
df
Language: spanish.ldf 2021/05/27 v5.0q Spanish support from the babel system
\es@quottoks=\toks31
\es@quotdepth=\count317
Package babel Info: Making " an active character on input line 570.
Package babel Info: Making < an active character on input line 722.
Package babel Info: Making > an active character on input line 722.
))
LaTeX Encoding Info:    Redeclaring text command \guillemotleft (encoding OT1) 
on input line 73.
LaTeX Encoding Info:    Redeclaring text command \guillemotright (encoding OT1)
 on input line 73.

(C:\Users\Erick\AppData\Local\Programs\MiKTeX\tex/latex/actuarialsymbol\actuari
alsymbol.sty
Package: actuarialsymbol 2019/06/13 v1.1 Actuarial symbols

(C:\Users\Erick\AppData\Local\Programs\MiKTeX\tex/latex/actuarialangle\actuaria
langle.sty
Package: actuarialangle 2019/06/13 v2.1 Actuarial angle
(C:\Users\Erick\AppData\Local\Programs\MiKTeX\tex/latex/pict2e\pict2e.sty
Package: pict2e 2020/09/30 v0.4b Improved picture commands (HjG,RN,JT)
(C:\Users\Erick\AppData\Local\Programs\MiKTeX\tex/latex/pict2e\pict2e.cfg
File: pict2e.cfg 2016/02/05 v0.1u pict2e configuration for teTeX/TeXLive
)
Package pict2e Info: Driver file: pdftex.def on input line 112.
Package pict2e Info: Driver file for pict2e: p2e-pdftex.def on input line 114.
(C:\Users\Erick\AppData\Local\Programs\MiKTeX\tex/latex/pict2e\p2e-pdftex.def
File: p2e-pdftex.def 2016/02/05 v0.1u Driver-dependant file (RN,HjG,JT)
)
\pIIe@GRAPH=\toks32
\@arclen=\dimen191
\@arcrad=\dimen192
\pIIe@tempdima=\dimen193
\pIIe@tempdimb=\dimen194
\pIIe@tempdimc=\dimen195
\pIIe@tempdimd=\dimen196
\pIIe@tempdime=\dimen197
\pIIe@tempdimf=\dimen198
))
\twoletkern=\skip64
\nthtopsep=\skip65
\nthtopskip=\skip66
\nthbottomsep=\skip67
\nthbottomskip=\skip68
) (C:\Users\Erick\AppData\Local\Programs\MiKTeX\tex/latex/tools\multicol.sty
Package: multicol 2025/10/21 v2.0b multicolumn formatting (FMi)
\c@tracingmulticols=\count318
\mult@box=\box65
\multicol@leftmargin=\dimen199
\c@unbalance=\count319
\c@collectmore=\count320
\doublecol@number=\count321
\multicoltolerance=\count322
\multicolpretolerance=\count323
\full@width=\dimen256
\page@free=\dimen257
\premulticols=\dimen258
\postmulticols=\dimen259
\multicolsep=\skip69
\multicolbaselineskip=\skip70
\partial@page=\box66
\last@line=\box67
\mc@boxedresult=\box68
\maxbalancingoverflow=\dimen260
\mult@rightbox=\box69
\mult@grightbox=\box70
\mult@firstbox=\box71
\mult@gfirstbox=\box72
\@tempa=\box73
\@tempa=\box74
\@tempa=\box75
\@tempa=\box76
\@tempa=\box77
\@tempa=\box78
\@tempa=\box79
\@tempa=\box80
\@tempa=\box81
\@tempa=\box82
\@tempa=\box83
\@tempa=\box84
\@tempa=\box85
\@tempa=\box86
\@tempa=\box87
\@tempa=\box88
\@tempa=\box89
\@tempa=\box90
\@tempa=\box91
\@tempa=\box92
\@tempa=\box93
\@tempa=\box94
\@tempa=\box95
\@tempa=\box96
\@tempa=\box97
\@tempa=\box98
\@tempa=\box99
\@tempa=\box100
\@tempa=\box101
\@tempa=\box102
\@tempa=\box103
\@tempa=\box104
\@tempa=\box105
\@tempa=\box106
\@tempa=\box107
\@tempa=\box108
\c@minrows=\count324
\c@columnbadness=\count325
\c@finalcolumnbadness=\count326
\last@try=\dimen261
\multicolovershoot=\dimen262
\multicolundershoot=\dimen263
\mult@nat@firstbox=\box109
\colbreak@box=\box110
\mc@col@check@num=\count327
\g__mc_curr_col_int=\count328
) (C:\Users\Erick\AppData\Local\Programs\MiKTeX\tex/latex/multirow\multirow.sty
Package: multirow 2024/11/12 v2.9 Span multiple rows of a table
\multirow@colwidth=\skip71
\multirow@cntb=\count329
\multirow@dima=\skip72
\bigstrutjot=\dimen264
) (C:\Users\Erick\AppData\Local\Programs\MiKTeX\tex/latex/setspace\setspace.sty
Package: setspace 2022/12/04 v6.7b set line spacing
) (C:\Users\Erick\AppData\Local\Programs\MiKTeX\tex/latex/float\float.sty
Package: float 2001/11/08 v1.3d Float enhancements (AL)
\c@float@type=\count330
\float@exts=\toks33
\float@box=\box111
\@float@everytoks=\toks34
\@floatcapt=\box112
)
(C:\Users\Erick\AppData\Local\Programs\MiKTeX\tex/latex/subfigure\subfigure.sty
Package: subfigure 2002/07/30 v2.1.4 subfigure package
\subfigtopskip=\skip73
\subfigcapskip=\skip74
\subfigcaptopadj=\dimen265
\subfigbottomskip=\skip75
\subfigcapmargin=\dimen266
\subfiglabelskip=\skip76
\c@subfigure=\count331
\c@lofdepth=\count332
\c@subtable=\count333
\c@lotdepth=\count334
****************************************
* Local config file subfigure.cfg used *
****************************************

(C:\Users\Erick\AppData\Local\Programs\MiKTeX\tex/latex/subfigure\subfigure.cfg
)
\subfig@top=\skip77
\subfig@bottom=\skip78
) (C:\Users\Erick\AppData\Local\Programs\MiKTeX\tex/latex/url\url.sty
\Urlmuskip=\muskip18
Package: url 2013/09/16  ver 3.4  Verb mode for urls, etc.
) (C:\Users\Erick\AppData\Local\Programs\MiKTeX\tex/latex/enumitem\enumitem.sty
Package: enumitem 2025/02/06 v3.11 Customized lists
\labelindent=\skip79
\enit@outerparindent=\dimen267
\enit@toks=\toks35
\enit@inbox=\box113
\enit@count@id=\count335
\enitdp@description=\count336
) (C:\Users\Erick\AppData\Local\Programs\MiKTeX\tex/latex/jknappen\mathrsfs.sty
Package: mathrsfs 1996/01/01 Math RSFS package v1.0 (jk)
\symrsfs=\mathgroup6
) (C:\Users\Erick\AppData\Local\Programs\MiKTeX\tex/latex/base\makeidx.sty
Package: makeidx 2021/10/04 v1.0m Standard LaTeX package
) (C:\Users\Erick\AppData\Local\Programs\MiKTeX\tex/latex/listings\listings.sty
\lst@mode=\count337
\lst@gtempboxa=\box114
\lst@token=\toks36
\lst@length=\count338
\lst@currlwidth=\dimen268
\lst@column=\count339
\lst@pos=\count340
\lst@lostspace=\dimen269
\lst@width=\dimen270
\lst@newlines=\count341
\lst@lineno=\count342
\lst@maxwidth=\dimen271
(C:\Users\Erick\AppData\Local\Programs\MiKTeX\tex/latex/listings\lstpatch.sty
File: lstpatch.sty 2025/11/14 1.11b (Carsten Heinz)
) (C:\Users\Erick\AppData\Local\Programs\MiKTeX\tex/latex/listings\lstmisc.sty
File: lstmisc.sty 2025/11/14 1.11b (Carsten Heinz)
\c@lstnumber=\count343
\lst@skipnumbers=\count344
\lst@framebox=\box115
) (C:\Users\Erick\AppData\Local\Programs\MiKTeX\tex/latex/listings\listings.cfg
File: listings.cfg 2025/11/14 1.11b listings configuration
))
Package: listings 2025/11/14 1.11b (Carsten Heinz)
(C:\Users\Erick\AppData\Local\Programs\MiKTeX\tex/latex/sttools\flushend.sty
Package: flushend 2025/06/18 v4.3 Balancing columns in twocolumn mode (ST)
\flushend@@lastskip@a=\skip80
\flushend@@lastskip@b=\skip81
\flushend@@lastnode=\count345
\var@@loop@iter=\count346
\var@@temp@spread=\dimen272
\var@@temp@a=\dimen273
\var@@temp@loop=\dimen274
\flushend@@page@rule=\dimen275
\flushend@@varbox@lastpage=\box116
\flushend@@varbox@a=\box117
\flushend@@varbox@c=\box118
\flushend@@tempbox@a=\box119
\flushend@@tempbox@c=\box120
\flushend@@floatbox=\box121
\@viper=\box122
\hold@viper=\box123
\atColsBreak=\toks37
\atColsEnd=\toks38
\oldbreak@skip=\dimen276
) (C:\Users\Erick\AppData\Local\Programs\MiKTeX\tex/latex/caption\caption.sty
Package: caption 2023/08/05 v3.6o Customizing captions (AR)
(C:\Users\Erick\AppData\Local\Programs\MiKTeX\tex/latex/caption\caption3.sty
Package: caption3 2023/07/31 v2.4d caption3 kernel (AR)
\caption@tempdima=\dimen277
\captionmargin=\dimen278
\caption@leftmargin=\dimen279
\caption@rightmargin=\dimen280
\caption@width=\dimen281
\caption@indent=\dimen282
\caption@parindent=\dimen283
\caption@hangindent=\dimen284
Package caption Info: Standard document class detected.
)
\c@caption@flags=\count347
\c@continuedfloat=\count348
Package caption Info: float package is loaded.
Package caption Info: listings package is loaded.
Package caption Info: longtable package is loaded.
(C:\Users\Erick\AppData\Local\Programs\MiKTeX\tex/latex/caption\ltcaption.sty
Package: ltcaption 2021/01/08 v1.4c longtable captions (AR)
)
Package caption Info: subfigure package is loaded.
) (C:\Users\Erick\AppData\Local\Programs\MiKTeX\tex/latex/minted\minted.sty
Package: minted 2026/03/03 v3.8.0 Yet another Pygments shim for LaTeX

(C:\Users\Erick\AppData\Local\Programs\MiKTeX\tex/generic/catchfile\catchfile.s
ty
Package: catchfile 2019/12/09 v1.8 Catch the contents of a file (HO)

(C:\Users\Erick\AppData\Local\Programs\MiKTeX\tex/generic/infwarerr\infwarerr.s
ty
Package: infwarerr 2019/12/03 v1.5 Providing info/warning/error messages (HO)
)
(C:\Users\Erick\AppData\Local\Programs\MiKTeX\tex/generic/etexcmds\etexcmds.sty
Package: etexcmds 2019/12/15 v1.7 Avoid name clashes with e-TeX commands (HO)
)) (C:\Users\Erick\AppData\Local\Programs\MiKTeX\tex/latex/fvextra\fvextra.sty
Package: fvextra 2026/02/25 v1.14.0 fvextra - extensions and patches for fancyv
rb
(C:\Users\Erick\AppData\Local\Programs\MiKTeX\tex/latex/fancyvrb\fancyvrb.sty
Package: fancyvrb 2026/04/16 4.6a verbatim text (tvz,hv)
\FV@CodeLineNo=\count349
\FV@InFile=\read3
\FV@TabBox=\box124
\c@FancyVerbLine=\count350
\FV@StepNumber=\count351
\FV@OutFile=\write3
) (C:\Users\Erick\AppData\Local\Programs\MiKTeX\tex/latex/lineno\lineno.sty
Package: lineno 2026/03/08 line numbers on paragraphs v5.9
\linenopenalty=\count352
\output=\toks39
\linenoprevgraf=\count353
\linenumbersep=\dimen285
\linenumberwidth=\dimen286
\c@linenumber=\count354
\c@pagewiselinenumber=\count355
\c@LN@truepage=\count356
\c@internallinenumber=\count357
\c@internallinenumbers=\count358
\quotelinenumbersep=\dimen287
\bframerule=\dimen288
\bframesep=\dimen289
\bframebox=\box125
\@LN@amsmath@ams@eqpen=\count359
)
\c@FancyVerbWriteLine=\count360
\c@FancyVerbBufferLine=\count361
\c@FV@TrueTabGroupLevel=\count362
\c@FV@TrueTabCounter=\count363
\FV@TabBox@Group=\box126
\FV@bgcolorstructbox=\box127
\FV@TmpLength=\skip82
\c@FV@HighlightLinesStart=\count364
\c@FV@HighlightLinesStop=\count365
\FV@LoopCount=\count366
\FV@NCharsBox=\box128
\FV@BreakIndent=\dimen290
\FV@BreakIndentNChars=\count367
\FV@BreakSymbolSepLeft=\dimen291
\FV@BreakSymbolSepLeftNChars=\count368
\FV@BreakSymbolSepRight=\dimen292
\FV@BreakSymbolSepRightNChars=\count369
\FV@BreakSymbolIndentLeft=\dimen293
\FV@BreakSymbolIndentLeftNChars=\count370
\FV@BreakSymbolIndentRight=\dimen294
\FV@BreakSymbolIndentRightNChars=\count371
\c@FancyVerbLineBreakLast=\count372
\FV@LineBox=\box129
\FV@LineIndentBox=\box130
\c@FV@BreakBufferDepth=\count373
\FV@LineWidth=\dimen295
)
(C:\Users\Erick\AppData\Local\Programs\MiKTeX\tex/latex/latex2pydata\latex2pyda
ta.sty
Package: latex2pydata 2026/02/25 v0.7.0 latex2pydata - write data to file in Py
thon literal format
)
(C:\Users\Erick\AppData\Local\Programs\MiKTeX\tex/latex/pgf/utilities\pgfkeys.s
ty
(C:\Users\Erick\AppData\Local\Programs\MiKTeX\tex/generic/pgf/utilities\pgfkeys
.code.tex
\pgfkeys@pathtoks=\toks40
\pgfkeys@temptoks=\toks41

(C:\Users\Erick\AppData\Local\Programs\MiKTeX\tex/generic/pgf/utilities\pgfkeys
libraryfiltered.code.tex
\pgfkeys@tmptoks=\toks42
))) (C:\Users\Erick\AppData\Local\Programs\MiKTeX\tex/latex/pgfopts\pgfopts.sty
Package: pgfopts 2014/07/10 v2.1a LaTeX package options with pgfkeys
\pgfopts@list@add@a@toks=\toks43
\pgfopts@list@add@b@toks=\toks44
) (C:\Users\Erick\AppData\Local\Programs\MiKTeX\tex/latex/tools\shellesc.sty
Package: shellesc 2023/07/08 v1.0d unified shell escape interface for LaTeX
Package shellesc Info: Restricted shell escape enabled on input line 77.
)
\c@minted@FancyVerbLineTemp=\count374
\@float@every@listing=\toks45
\c@listing=\count375
) (C:\Users\Erick\AppData\Local\Programs\MiKTeX\tex/latex/hyphenat\hyphenat.sty
Package: hyphenat 2009/09/02 v2.3c hyphenation utilities
\langwohyphens=\language80
LaTeX Info: Redefining \_ on input line 43.
) (C:\Users\Erick\AppData\Local\Programs\MiKTeX\tex/latex/base\latexsym.sty
Package: latexsym 1998/08/17 v2.2e Standard LaTeX package (lasy symbols)
\symlasy=\mathgroup7
LaTeX Font Info:    Overwriting symbol font `lasy' in version `bold'
(Font)                  U/lasy/m/n --> U/lasy/b/n on input line 52.
)
(C:\Users\Erick\AppData\Local\Programs\MiKTeX\tex/latex/doublestroke\dsfont.sty
Package: dsfont 1995/08/01 v0.1 Double stroke roman fonts
) (C:\Users\Erick\AppData\Local\Programs\MiKTeX\tex/latex/ragged2e\ragged2e.sty
Package: ragged2e 2023/06/22 v3.6 ragged2e Package
\CenteringLeftskip=\skip83
\RaggedLeftLeftskip=\skip84
\RaggedRightLeftskip=\skip85
\CenteringRightskip=\skip86
\RaggedLeftRightskip=\skip87
\RaggedRightRightskip=\skip88
\CenteringParfillskip=\skip89
\RaggedLeftParfillskip=\skip90
\RaggedRightParfillskip=\skip91
\JustifyingParfillskip=\skip92
\CenteringParindent=\skip93
\RaggedLeftParindent=\skip94
\RaggedRightParindent=\skip95
\JustifyingParindent=\skip96
)
(C:\Users\Erick\AppData\Local\Programs\MiKTeX\tex/generic/schemata\schemata.sty
Package: schemata 2025/08/27 1.5 generic package to aid construction of topical
 categories
\@schemata@rhs=\box131
\@schemata@lhs=\box132
\@schemata@rheight=\dimen296
\@schemata@lheight=\dimen297
\@schemata@one=\dimen298
\@schemata@two=\dimen299
\@schemata@three=\dimen300
) (C:\Users\Erick\AppData\Local\Programs\MiKTeX\tex/latex/hyperref\hyperref.sty
Package: hyperref 2026-04-24 v7.01q Hypertext links for LaTeX

(C:\Users\Erick\AppData\Local\Programs\MiKTeX\tex/generic/kvdefinekeys\kvdefine
keys.sty
Package: kvdefinekeys 2019-12-19 v1.6 Define keys (HO)
)
(C:\Users\Erick\AppData\Local\Programs\MiKTeX\tex/generic/pdfescape\pdfescape.s
ty
Package: pdfescape 2019/12/09 v1.15 Implements pdfTeX's escape features (HO)

(C:\Users\Erick\AppData\Local\Programs\MiKTeX\tex/generic/pdftexcmds\pdftexcmds
.sty
Package: pdftexcmds 2020-06-27 v0.33 Utility functions of pdfTeX for LuaTeX (HO
)
Package pdftexcmds Info: \pdf@primitive is available.
Package pdftexcmds Info: \pdf@ifprimitive is available.
Package pdftexcmds Info: \pdfdraftmode found.
)) (C:\Users\Erick\AppData\Local\Programs\MiKTeX\tex/latex/hycolor\hycolor.sty
Package: hycolor 2020-01-27 v1.10 Color options for hyperref/bookmark (HO)
) (C:\Users\Erick\AppData\Local\Programs\MiKTeX\tex/latex/hyperref\nameref.sty
Package: nameref 2026-01-29 v2.58 Cross-referencing by name of section
(C:\Users\Erick\AppData\Local\Programs\MiKTeX\tex/latex/refcount\refcount.sty
Package: refcount 2019/12/15 v3.6 Data extraction from label references (HO)
)
(C:\Users\Erick\AppData\Local\Programs\MiKTeX\tex/generic/gettitlestring\gettit
lestring.sty
Package: gettitlestring 2019/12/15 v1.6 Cleanup title references (HO)
)
\c@section@level=\count376
)
(C:\Users\Erick\AppData\Local\Programs\MiKTeX\tex/generic/stringenc\stringenc.s
ty
Package: stringenc 2019/11/29 v1.12 Convert strings between diff. encodings (HO
)
)
\@linkdim=\dimen301
\Hy@linkcounter=\count377
\Hy@pagecounter=\count378
(C:\Users\Erick\AppData\Local\Programs\MiKTeX\tex/latex/hyperref\pd1enc.def
File: pd1enc.def 2026-04-24 v7.01q Hyperref: PDFDocEncoding definition (HO)
Now handling font encoding PD1 ...
... no UTF-8 mapping file for font encoding PD1
) (C:\Users\Erick\AppData\Local\Programs\MiKTeX\tex/generic/intcalc\intcalc.sty
Package: intcalc 2019/12/15 v1.3 Expandable calculations with integers (HO)
)
\Hy@SavedSpaceFactor=\count379
(C:\Users\Erick\AppData\Local\Programs\MiKTeX\tex/latex/hyperref\puenc.def
File: puenc.def 2026-04-24 v7.01q Hyperref: PDF Unicode definition (HO)
Now handling font encoding PU ...
... no UTF-8 mapping file for font encoding PU
)
Package hyperref Info: Option `unicode' set `true' on input line 4070.
Package hyperref Info: Hyper figures OFF on input line 4199.
Package hyperref Info: Link nesting OFF on input line 4204.
Package hyperref Info: Hyper index ON on input line 4207.
Package hyperref Info: Plain pages OFF on input line 4214.
Package hyperref Info: Backreferencing OFF on input line 4219.
Package hyperref Info: Implicit mode ON; LaTeX internals redefined.
Package hyperref Info: Bookmarks ON on input line 4466.
\c@Hy@tempcnt=\count380
LaTeX Info: Redefining \url on input line 4805.
\XeTeXLinkMargin=\dimen302
(C:\Users\Erick\AppData\Local\Programs\MiKTeX\tex/generic/bitset\bitset.sty
Package: bitset 2019/12/09 v1.3 Handle bit-vector datatype (HO)

(C:\Users\Erick\AppData\Local\Programs\MiKTeX\tex/generic/bigintcalc\bigintcalc
.sty
Package: bigintcalc 2019/12/15 v1.5 Expandable calculations on big integers (HO
)
))
\Fld@menulength=\count381
\Field@Width=\dimen303
\Fld@charsize=\dimen304
Package hyperref Info: Hyper figures OFF on input line 6091.
Package hyperref Info: Link nesting OFF on input line 6096.
Package hyperref Info: Hyper index ON on input line 6099.
Package hyperref Info: backreferencing OFF on input line 6106.
Package hyperref Info: Link coloring OFF on input line 6111.
Package hyperref Info: Link coloring with OCG OFF on input line 6116.
Package hyperref Info: PDF/A mode OFF on input line 6121.
\Hy@abspage=\count382
\c@Item=\count383
\c@Hfootnote=\count384
)
Package hyperref Info: Driver (autodetected): hpdftex.
(C:\Users\Erick\AppData\Local\Programs\MiKTeX\tex/latex/hyperref\hpdftex.def
File: hpdftex.def 2026-04-24 v7.01q Hyperref driver for pdfTeX
\Fld@listcount=\count385
\c@bookmark@seq@number=\count386

(C:\Users\Erick\AppData\Local\Programs\MiKTeX\tex/latex/rerunfilecheck\rerunfil
echeck.sty
Package: rerunfilecheck 2025-06-21 v1.11 Rerun checks for auxiliary files (HO)

(C:\Users\Erick\AppData\Local\Programs\MiKTeX\tex/generic/uniquecounter\uniquec
ounter.sty
Package: uniquecounter 2019/12/15 v1.4 Provide unlimited unique counter (HO)
)
Package uniquecounter Info: New unique counter `rerunfilecheck' on input line 2
84.
)
\Hy@SectionHShift=\skip97
) (C:\Users\Erick\AppData\Local\Programs\MiKTeX\tex/latex/placeins\placeins.sty
Package: placeins 2005/04/18  v 2.2
) (C:\Users\Erick\AppData\Local\Programs\MiKTeX\tex/latex/wrapfig\wrapfig.sty
\wrapoverhang=\dimen305
\WF@size=\dimen306
\c@WF@wrappedlines=\count387
\WF@box=\box133
\WF@everypar=\toks46
Package: wrapfig 2003/01/31  v 3.6
) (C:\Users\Erick\AppData\Local\Programs\MiKTeX\tex/latex/colortbl\colortbl.sty
Package: colortbl 2026/05/01 v1.0l Color table columns (DPC)
new hooks used!!
\minrowclearance=\skip98
\rownum=\count388
)
(C:\Users\Erick\AppData\Local\Programs\MiKTeX\tex/latex/pdflscape\pdflscape.sty
Package: pdflscape 2022-10-27 v0.13 Display of landscape pages in PDF

(C:\Users\Erick\AppData\Local\Programs\MiKTeX\tex/latex/pdflscape\pdflscape-nom
etadata.sty
Package: pdflscape-nometadata 2022-10-28 v0.13 Display of landscape pages in PD
F (HO)
(C:\Users\Erick\AppData\Local\Programs\MiKTeX\tex/latex/graphics\lscape.sty
Package: lscape 2020/05/28 v3.02 Landscape Pages (DPC)
)
Package pdflscape Info: Auto-detected driver: pdftex on input line 81.
)) (C:\Users\Erick\AppData\Local\Programs\MiKTeX\tex/latex/tabu\tabu.sty
Package: tabu 2019/01/11 v2.9 - flexible LaTeX tabulars (FC+tabu-fixed)
(C:\Users\Erick\AppData\Local\Programs\MiKTeX\tex/latex/varwidth\varwidth.sty
Package: varwidth 2009/03/30 ver 0.92;  Variable-width minipages
\@vwid@box=\box134
\sift@deathcycles=\count389
\@vwid@loff=\dimen307
\@vwid@roff=\dimen308
)
==> First Aid for varwidth.sty applied!
\c@taburow=\count390
\tabu@nbcols=\count391
\tabu@cnt=\count392
\tabu@Xcol=\count393
\tabu@alloc=\count394
\tabu@nested=\count395
\tabu@target=\dimen309
\tabu@spreadtarget=\dimen310
\tabu@naturalX=\dimen311
\tabucolX=\dimen312
\tabu@Xsum=\dimen313
\extrarowdepth=\dimen314
\abovetabulinesep=\dimen315
\belowtabulinesep=\dimen316
\tabustrutrule=\dimen317
\tabu@thebody=\toks47
\tabu@footnotes=\toks48
\tabu@box=\box135
\tabu@arstrutbox=\box136
\tabu@hleads=\box137
\tabu@vleads=\box138
\tabu@cellskip=\skip99
)
(C:\Users\Erick\AppData\Local\Programs\MiKTeX\tex/latex/threeparttable\threepar
ttable.sty
Package: threeparttable 2003/06/13  v 3.0
\@tempboxb=\box139
)
(C:\Users\Erick\AppData\Local\Programs\MiKTeX\tex/latex/threeparttablex\threepa
rttablex.sty
Package: threeparttablex 2013/07/23 v0.3 by daleif
(C:\Users\Erick\AppData\Local\Programs\MiKTeX\tex/latex/environ\environ.sty
Package: environ 2014/05/04 v0.3 A new way to define environments

(C:\Users\Erick\AppData\Local\Programs\MiKTeX\tex/latex/trimspaces\trimspaces.s
ty
Package: trimspaces 2009/09/17 v1.1 Trim spaces around a token list
))
\TPTL@width=\skip100
) (C:\Users\Erick\AppData\Local\Programs\MiKTeX\tex/latex/ulem\ulem.sty
\UL@box=\box140
\UL@hyphenbox=\box141
\UL@skip=\skip101
\UL@hook=\toks49
\UL@height=\dimen318
\UL@pe=\count396
\UL@pixel=\dimen319
\ULC@box=\box142
Package: ulem 2019/11/18
\ULdepth=\dimen320
) (C:\Users\Erick\AppData\Local\Programs\MiKTeX\tex/latex/makecell\makecell.sty
Package: makecell 2009/08/03 V0.1e Managing of Tab Column Heads and Cells
\rotheadsize=\dimen321
\c@nlinenum=\count397
\TeXr@lab=\toks50
) (C:\Users\Erick\AppData\Local\Programs\MiKTeX\tex/latex/bookmark\bookmark.sty
Package: bookmark 2026-05-21 v1.32 PDF bookmarks (HO)

(C:\Users\Erick\AppData\Local\Programs\MiKTeX\tex/latex/l3backend\l3backend-pdf
tex.def
File: l3backend-pdftex.def 2026-02-18 L3 backend support: PDF output (pdfTeX)
\l__color_backend_stack_int=\count398
)
(C:\Users\Erick\AppData\Local\Programs\MiKTeX\tex/latex/bookmark\bkm-pdftex.def
File: bkm-pdftex.def 2026-05-21 v1.32 bookmark driver for pdfTeX (HO)
\BKM@id=\count399
)) (C:\Users\Erick\AppData\Local\Programs\MiKTeX\tex/latex/xurl\xurl.sty
Package: xurl 2022/01/09 v 0.10 modify URL breaks
)
Package hyperref Info: Option `colorlinks' set `true' on input line 137.
LaTeX Font Info:    Trying to load font information for T1+lmr on input line 14
2.
(C:\Users\Erick\AppData\Local\Programs\MiKTeX\tex/latex/lm\t1lmr.fd
File: t1lmr.fd 2015/05/01 v1.6.1 Font defs for Latin Modern
) (proyecto-reduccion-dimensionalidad.aux
LaTeX Info: Redefining \. on input line 13.
LaTeX Info: Redefining \% on input line 13.
Package babel Info: 'spanish' activates 'spanish' shorthands.
(babel)             Reported on input line 13.
)
\openout1 = `proyecto-reduccion-dimensionalidad.aux'.

LaTeX Font Info:    Checking defaults for OML/cmm/m/it on input line 142.
LaTeX Font Info:    ... okay on input line 142.
LaTeX Font Info:    Checking defaults for OMS/cmsy/m/n on input line 142.
LaTeX Font Info:    ... okay on input line 142.
LaTeX Font Info:    Checking defaults for OT1/cmr/m/n on input line 142.
LaTeX Font Info:    ... okay on input line 142.
LaTeX Font Info:    Checking defaults for T1/cmr/m/n on input line 142.
LaTeX Font Info:    ... okay on input line 142.
LaTeX Font Info:    Checking defaults for TS1/cmr/m/n on input line 142.
LaTeX Font Info:    ... okay on input line 142.
LaTeX Font Info:    Checking defaults for OMX/cmex/m/n on input line 142.
LaTeX Font Info:    ... okay on input line 142.
LaTeX Font Info:    Checking defaults for U/cmr/m/n on input line 142.
LaTeX Font Info:    ... okay on input line 142.
LaTeX Font Info:    Checking defaults for PD1/pdf/m/n on input line 142.
LaTeX Font Info:    ... okay on input line 142.
LaTeX Font Info:    Checking defaults for PU/pdf/m/n on input line 142.
LaTeX Font Info:    ... okay on input line 142.

(C:\Users\Erick\AppData\Local\Programs\MiKTeX\tex/context/base/mkii\supp-pdf.mk
ii
[Loading MPS to PDF converter (version 2006.09.02).]
\scratchcounter=\count400
\scratchdimen=\dimen322
\scratchbox=\box143
\nofMPsegments=\count401
\nofMParguments=\count402
\everyMPshowfont=\toks51
\MPscratchCnt=\count403
\MPscratchDim=\dimen323
\MPnumerator=\count404
\makeMPintoPDFobject=\count405
\everyMPtoPDFconversion=\toks52
)
(C:\Users\Erick\AppData\Local\Programs\MiKTeX\tex/latex/epstopdf-pkg\epstopdf-b
ase.sty
Package: epstopdf-base 2020-01-24 v2.11 Base part for package epstopdf
Package epstopdf-base Info: Redefining graphics rule for `.eps' on input line 4
85.

(C:\Users\Erick\AppData\Local\Programs\MiKTeX\tex/latex/00miktex\epstopdf-sys.c
fg
File: epstopdf-sys.cfg 2021/03/18 v2.0 Configuration of epstopdf for MiKTeX
))
*geometry* driver: auto-detecting
*geometry* detected driver: pdftex
*geometry* verbose mode - [ preamble ] result:
* driver: pdftex
* paper: a4paper
* layout: <same size as paper>
* layoutoffset:(h,v)=(0.0pt,0.0pt)
* modes: 
* h-part:(L,W,R)=(72.26999pt, 452.9679pt, 72.26999pt)
* v-part:(T,H,B)=(72.26999pt, 700.50687pt, 72.26999pt)
* \paperwidth=597.50787pt
* \paperheight=845.04684pt
* \textwidth=452.9679pt
* \textheight=700.50687pt
* \oddsidemargin=0.0pt
* \evensidemargin=0.0pt
* \topmargin=-37.0pt
* \headheight=12.0pt
* \headsep=25.0pt
* \topskip=10.0pt
* \footskip=30.0pt
* \marginparwidth=57.0pt
* \marginparsep=11.0pt
* \columnsep=14.22636pt
* \skip\footins=9.0pt plus 4.0pt minus 2.0pt
* \hoffset=0.0pt
* \voffset=0.0pt
* \mag=1000
* \@twocolumnfalse
* \@twosidefalse
* \@mparswitchfalse
* \@reversemarginfalse
* (1in=72.27pt=25.4mm, 1cm=28.453pt)

Package microtype Info: Patching varwidth to enable character protrusion.
\MT@vwid@leftmargin=\dimen324
\MT@vwid@rightmargin=\dimen325
LaTeX Info: Redefining \microtypecontext on input line 142.
Package microtype Info: Applying patch `item' on input line 142.
Package microtype Info: Applying patch `toc' on input line 142.
Package microtype Info: Applying patch `eqnum' on input line 142.
Package microtype Info: Applying patch `footnote' on input line 142.
Package microtype Info: Applying patch `verbatim' on input line 142.
LaTeX Info: Redefining \microtypesetup on input line 142.
Package microtype Info: Generating PDF output.
Package microtype Info: Character protrusion enabled (level 2).
Package microtype Info: Using protrusion set `basicmath'.
Package microtype Info: Automatic font expansion enabled (level 2),
(microtype)             stretch: 20, shrink: 20, step: 1, non-selected.
Package microtype Info: Using default expansion set `alltext-nott'.
Package microtype Info: Patching command `\showhyphens'.
Package microtype Info: No adjustment of tracking.
Package microtype Info: No adjustment of interword spacing.
Package microtype Info: No adjustment of character kerning.
(C:\Users\Erick\AppData\Local\Programs\MiKTeX\tex/latex/microtype\mt-cmr.cfg
File: mt-cmr.cfg 2013/05/19 v2.2 microtype config. file: Computer Modern Roman 
(RS)
)
LaTeX Info: Redefining \. on input line 142.
LaTeX Info: Redefining \% on input line 142.
\c@lstlisting=\count406
Package caption Info: Begin \AtBeginDocument code.
Package caption Info: hyperref package is loaded.
Package caption Info: threeparttable package is loaded.
Package caption Info: wrapfig package is loaded.
Package caption Info: End \AtBeginDocument code.
Package hyperref Info: Link coloring ON on input line 142.
LaTeX Font Info:    Trying to load font information for OT1+lmr on input line 1
46.
(C:\Users\Erick\AppData\Local\Programs\MiKTeX\tex/latex/lm\ot1lmr.fd
File: ot1lmr.fd 2015/05/01 v1.6.1 Font defs for Latin Modern
)
LaTeX Font Info:    Trying to load font information for OML+lmm on input line 1
46.
(C:\Users\Erick\AppData\Local\Programs\MiKTeX\tex/latex/lm\omllmm.fd
File: omllmm.fd 2015/05/01 v1.6.1 Font defs for Latin Modern
)
LaTeX Font Info:    Trying to load font information for OMS+lmsy on input line 
146.
(C:\Users\Erick\AppData\Local\Programs\MiKTeX\tex/latex/lm\omslmsy.fd
File: omslmsy.fd 2015/05/01 v1.6.1 Font defs for Latin Modern
)
LaTeX Font Info:    Trying to load font information for OMX+lmex on input line 
146.
(C:\Users\Erick\AppData\Local\Programs\MiKTeX\tex/latex/lm\omxlmex.fd
File: omxlmex.fd 2015/05/01 v1.6.1 Font defs for Latin Modern
)
LaTeX Font Info:    External font `lmex10' loaded for size
(Font)              <10> on input line 146.
LaTeX Font Info:    External font `lmex10' loaded for size
(Font)              <7> on input line 146.
LaTeX Font Info:    External font `lmex10' loaded for size
(Font)              <5> on input line 146.
LaTeX Font Info:    Trying to load font information for U+msa on input line 146
.
(C:\Users\Erick\AppData\Local\Programs\MiKTeX\tex/latex/amsfonts\umsa.fd
File: umsa.fd 2013/01/14 v3.01 AMS symbols A
) (C:\Users\Erick\AppData\Local\Programs\MiKTeX\tex/latex/microtype\mt-msa.cfg
File: mt-msa.cfg 2006/02/04 v1.1 microtype config. file: AMS symbols (a) (RS)
)
LaTeX Font Info:    Trying to load font information for U+msb on input line 146
.
(C:\Users\Erick\AppData\Local\Programs\MiKTeX\tex/latex/amsfonts\umsb.fd
File: umsb.fd 2013/01/14 v3.01 AMS symbols B
) (C:\Users\Erick\AppData\Local\Programs\MiKTeX\tex/latex/microtype\mt-msb.cfg
File: mt-msb.cfg 2005/06/01 v1.0 microtype config. file: AMS symbols (b) (RS)
)
LaTeX Font Info:    Trying to load font information for U+rsfs on input line 14
6.
(C:\Users\Erick\AppData\Local\Programs\MiKTeX\tex/latex/jknappen\ursfs.fd
File: ursfs.fd 1998/03/24 rsfs font definition file (jk)
)
LaTeX Font Info:    Trying to load font information for U+lasy on input line 14
6.
(C:\Users\Erick\AppData\Local\Programs\MiKTeX\tex/latex/base\ulasy.fd
File: ulasy.fd 1998/08/17 v2.2e LaTeX symbol font definitions
)
<logofc.png, id=3, 449.68pt x 513.92pt>
File: logofc.png Graphic file (type png)
<use logofc.png>
Package pdftex.def Info: logofc.png  used on input line 147.
(pdftex.def)             Requested size: 71.13188pt x 81.28786pt.

Overfull \vbox (60.8879pt too high) detected at line 147
 []

Package microtype Info: Character `029' is missing
(microtype)             in font `T1/lmr/m/sc/12'.
(microtype)             Ignoring protrusion settings for this character.

Overfull \hbox (2.27618pt too wide) in paragraph at lines 162--163
 [][] 
 []


Overfull \hbox (2.27618pt too wide) in paragraph at lines 180--181
 [][][] 
 []

[1

{C:/Users/Erick/AppData/Local/MiKTeX/fonts/map/pdftex/pdftex.map}{C:/Users/Eric
k/AppData/Local/Programs/MiKTeX/fonts/enc/dvips/lm/lm-ec.enc} <./logofc.png>] (
proyecto-reduccion-dimensionalidad.toc
LaTeX Info: Redefining \. on input line 1.
LaTeX Info: Redefining \% on input line 1.
)
\tf@toc=\write4
\openout4 = `proyecto-reduccion-dimensionalidad.toc'.

[2

]
LaTeX Font Info:    Trying to load font information for T1+lmtt on input line 2
23.
(C:\Users\Erick\AppData\Local\Programs\MiKTeX\tex/latex/lm\t1lmtt.fd
File: t1lmtt.fd 2015/05/01 v1.6.1 Font defs for Latin Modern
)
LaTeX Font Info:    Font shape `T1/lmtt/bx/n' in size <10> not available
(Font)              Font shape `T1/lmtt/b/n' tried instead on input line 223.
<proyecto-reduccion-dimensionalidad_files/figure-latex/distchance-1.pdf, id=53,
 433.62pt x 216.81pt>
File: proyecto-reduccion-dimensionalidad_files/figure-latex/distchance-1.pdf Gr
aphic file (type pdf)
<use proyecto-reduccion-dimensionalidad_files/figure-latex/distchance-1.pdf>
Package pdftex.def Info: proyecto-reduccion-dimensionalidad_files/figure-latex/
distchance-1.pdf  used on input line 248.
(pdftex.def)             Requested size: 433.61894pt x 216.80946pt.
<proyecto-reduccion-dimensionalidad_files/figure-latex/scattercontinuas-1.pdf, 
id=55, 433.62pt x 216.81pt>
File: proyecto-reduccion-dimensionalidad_files/figure-latex/scattercontinuas-1.
pdf Graphic file (type pdf)
<use proyecto-reduccion-dimensionalidad_files/figure-latex/scattercontinuas-1.p
df>
Package pdftex.def Info: proyecto-reduccion-dimensionalidad_files/figure-latex/
scattercontinuas-1.pdf  used on input line 259.
(pdftex.def)             Requested size: 433.61894pt x 216.80946pt.
[3

{C:/Users/Erick/AppData/Local/Programs/MiKTeX/fonts/enc/dvips/lm/lm-rm.enc}{C:/
Users/Erick/AppData/Local/Programs/MiKTeX/fonts/enc/dvips/lm/lm-mathit.enc} <./
proyecto-reduccion-dimensionalidad_files/figure-latex/distchance-1.pdf>]
<proyecto-reduccion-dimensionalidad_files/figure-latex/boxplotscategoricas-1.pd
f, id=75, 433.62pt x 361.35pt>
File: proyecto-reduccion-dimensionalidad_files/figure-latex/boxplotscategoricas
-1.pdf Graphic file (type pdf)
<use proyecto-reduccion-dimensionalidad_files/figure-latex/boxplotscategoricas-
1.pdf>
Package pdftex.def Info: proyecto-reduccion-dimensionalidad_files/figure-latex/
boxplotscategoricas-1.pdf  used on input line 270.
(pdftex.def)             Requested size: 433.61894pt x 361.34912pt.
<proyecto-reduccion-dimensionalidad_files/figure-latex/matrizcorr-1.pdf, id=76,
 433.62pt x 289.08pt>
File: proyecto-reduccion-dimensionalidad_files/figure-latex/matrizcorr-1.pdf Gr
aphic file (type pdf)
<use proyecto-reduccion-dimensionalidad_files/figure-latex/matrizcorr-1.pdf>
Package pdftex.def Info: proyecto-reduccion-dimensionalidad_files/figure-latex/
matrizcorr-1.pdf  used on input line 279.
(pdftex.def)             Requested size: 433.61894pt x 289.07928pt.
[4 <./proyecto-reduccion-dimensionalidad_files/figure-latex/scattercontinuas-1.
pdf> <./proyecto-reduccion-dimensionalidad_files/figure-latex/boxplotscategoric
as-1.pdf>] [5 <./proyecto-reduccion-dimensionalidad_files/figure-latex/matrizco
rr-1.pdf>]
<proyecto-reduccion-dimensionalidad_files/figure-latex/pcagrafica-1.pdf, id=117
, 433.62pt x 216.81pt>
File: proyecto-reduccion-dimensionalidad_files/figure-latex/pcagrafica-1.pdf Gr
aphic file (type pdf)
<use proyecto-reduccion-dimensionalidad_files/figure-latex/pcagrafica-1.pdf>
Package pdftex.def Info: proyecto-reduccion-dimensionalidad_files/figure-latex/
pcagrafica-1.pdf  used on input line 360.
(pdftex.def)             Requested size: 433.61894pt x 216.80946pt.
[6]
<proyecto-reduccion-dimensionalidad_files/figure-latex/researchpca-1.pdf, id=12
6, 433.62pt x 216.81pt>
File: proyecto-reduccion-dimensionalidad_files/figure-latex/researchpca-1.pdf G
raphic file (type pdf)
<use proyecto-reduccion-dimensionalidad_files/figure-latex/researchpca-1.pdf>
Package pdftex.def Info: proyecto-reduccion-dimensionalidad_files/figure-latex/
researchpca-1.pdf  used on input line 373.
(pdftex.def)             Requested size: 433.61894pt x 216.80946pt.
[7 <./proyecto-reduccion-dimensionalidad_files/figure-latex/pcagrafica-1.pdf> <
./proyecto-reduccion-dimensionalidad_files/figure-latex/researchpca-1.pdf>]
<proyecto-reduccion-dimensionalidad_files/figure-latex/tsneexacta-1.pdf, id=152
, 433.62pt x 361.35pt>
File: proyecto-reduccion-dimensionalidad_files/figure-latex/tsneexacta-1.pdf Gr
aphic file (type pdf)
<use proyecto-reduccion-dimensionalidad_files/figure-latex/tsneexacta-1.pdf>
Package pdftex.def Info: proyecto-reduccion-dimensionalidad_files/figure-latex/
tsneexacta-1.pdf  used on input line 396.
(pdftex.def)             Requested size: 433.61894pt x 361.34912pt.
<proyecto-reduccion-dimensionalidad_files/figure-latex/rtsnedefault-1.pdf, id=1
54, 433.62pt x 216.81pt>
File: proyecto-reduccion-dimensionalidad_files/figure-latex/rtsnedefault-1.pdf 
Graphic file (type pdf)
<use proyecto-reduccion-dimensionalidad_files/figure-latex/rtsnedefault-1.pdf>
Package pdftex.def Info: proyecto-reduccion-dimensionalidad_files/figure-latex/
rtsnedefault-1.pdf  used on input line 407.
(pdftex.def)             Requested size: 433.61894pt x 216.80946pt.
[8 <./proyecto-reduccion-dimensionalidad_files/figure-latex/tsneexacta-1.pdf>]
<proyecto-reduccion-dimensionalidad_files/figure-latex/tsnegridperp-1.pdf, id=1
74, 433.62pt x 216.81pt>
File: proyecto-reduccion-dimensionalidad_files/figure-latex/tsnegridperp-1.pdf 
Graphic file (type pdf)
<use proyecto-reduccion-dimensionalidad_files/figure-latex/tsnegridperp-1.pdf>
Package pdftex.def Info: proyecto-reduccion-dimensionalidad_files/figure-latex/
tsnegridperp-1.pdf  used on input line 443.
(pdftex.def)             Requested size: 433.61894pt x 216.80946pt.

Underfull \hbox (badness 1163) in paragraph at lines 452--453
[]\T1/lmr/m/n/10 (+20) La se-gun-da eta-pa cru-za \T1/lmtt/m/n/10 perplexity $\
OMS/lmsy/m/n/10 2 f\OT1/lmr/m/n/10 (+20) 10\OML/lmm/m/it/10 ; \OT1/lmr/m/n/10 (
+20) 15\OML/lmm/m/it/10 ; \OT1/lmr/m/n/10 (+20) 20\OML/lmm/m/it/10 ; \OT1/lmr/m
/n/10 (+20) 25\OML/lmm/m/it/10 ; \OT1/lmr/m/n/10 (+20) 30\OMS/lmsy/m/n/10 g$ \T
1/lmr/m/n/10 (+20) con la ta-sa de apren-di-za-je \T1/lmtt/m/n/10 eta $\OMS/lms
y/m/n/10 2
 []

[9{C:/Users/Erick/AppData/Local/Programs/MiKTeX/fonts/enc/dvips/lm/lm-mathsy.en
c} <./proyecto-reduccion-dimensionalidad_files/figure-latex/rtsnedefault-1.pdf>
]
<proyecto-reduccion-dimensionalidad_files/figure-latex/tsnegrideta-1.pdf, id=20
1, 433.62pt x 650.43pt>
File: proyecto-reduccion-dimensionalidad_files/figure-latex/tsnegrideta-1.pdf G
raphic file (type pdf)
<use proyecto-reduccion-dimensionalidad_files/figure-latex/tsnegrideta-1.pdf>
Package pdftex.def Info: proyecto-reduccion-dimensionalidad_files/figure-latex/
tsnegrideta-1.pdf  used on input line 479.
(pdftex.def)             Requested size: 433.61894pt x 650.4284pt.
<proyecto-reduccion-dimensionalidad_files/figure-latex/tsnegridampliada-1.pdf, 
id=202, 433.62pt x 650.43pt>
File: proyecto-reduccion-dimensionalidad_files/figure-latex/tsnegridampliada-1.
pdf Graphic file (type pdf)
<use proyecto-reduccion-dimensionalidad_files/figure-latex/tsnegridampliada-1.p
df>
Package pdftex.def Info: proyecto-reduccion-dimensionalidad_files/figure-latex/
tsnegridampliada-1.pdf  used on input line 488.
(pdftex.def)             Requested size: 433.61894pt x 650.4284pt.
[10 <./proyecto-reduccion-dimensionalidad_files/figure-latex/tsnegridperp-1.pdf
>]

LaTeX Warning: Text page 11 contains only floats.

[11 <./proyecto-reduccion-dimensionalidad_files/figure-latex/tsnegrideta-1.pdf>
]

LaTeX Warning: Text page 12 contains only floats.

[12 <./proyecto-reduccion-dimensionalidad_files/figure-latex/tsnegridampliada-1
.pdf>]
<proyecto-reduccion-dimensionalidad_files/figure-latex/umapdefault-1.pdf, id=25
2, 433.62pt x 208.78pt>
File: proyecto-reduccion-dimensionalidad_files/figure-latex/umapdefault-1.pdf G
raphic file (type pdf)
<use proyecto-reduccion-dimensionalidad_files/figure-latex/umapdefault-1.pdf>
Package pdftex.def Info: proyecto-reduccion-dimensionalidad_files/figure-latex/
umapdefault-1.pdf  used on input line 549.
(pdftex.def)             Requested size: 433.61894pt x 208.77946pt.
[13 <./proyecto-reduccion-dimensionalidad_files/figure-latex/umapdefault-1.pdf>
]
<proyecto-reduccion-dimensionalidad_files/figure-latex/umapchance-1.pdf, id=269
, 433.62pt x 201.75375pt>
File: proyecto-reduccion-dimensionalidad_files/figure-latex/umapchance-1.pdf Gr
aphic file (type pdf)
<use proyecto-reduccion-dimensionalidad_files/figure-latex/umapchance-1.pdf>
Package pdftex.def Info: proyecto-reduccion-dimensionalidad_files/figure-latex/
umapchance-1.pdf  used on input line 560.
(pdftex.def)             Requested size: 433.61894pt x 201.75325pt.
<proyecto-reduccion-dimensionalidad_files/figure-latex/umapresearch-1.pdf, id=2
71, 433.62pt x 201.75375pt>
File: proyecto-reduccion-dimensionalidad_files/figure-latex/umapresearch-1.pdf 
Graphic file (type pdf)
<use proyecto-reduccion-dimensionalidad_files/figure-latex/umapresearch-1.pdf>
Package pdftex.def Info: proyecto-reduccion-dimensionalidad_files/figure-latex/
umapresearch-1.pdf  used on input line 571.
(pdftex.def)             Requested size: 433.61894pt x 201.75325pt.
<proyecto-reduccion-dimensionalidad_files/figure-latex/umapmulti-1.pdf, id=273,
 433.62pt x 216.81pt>
File: proyecto-reduccion-dimensionalidad_files/figure-latex/umapmulti-1.pdf Gra
phic file (type pdf)
<use proyecto-reduccion-dimensionalidad_files/figure-latex/umapmulti-1.pdf>
Package pdftex.def Info: proyecto-reduccion-dimensionalidad_files/figure-latex/
umapmulti-1.pdf  used on input line 582.
(pdftex.def)             Requested size: 433.61894pt x 216.80946pt.
<proyecto-reduccion-dimensionalidad_files/figure-latex/umaprecipe-1.pdf, id=275
, 433.62pt x 216.81pt>
File: proyecto-reduccion-dimensionalidad_files/figure-latex/umaprecipe-1.pdf Gr
aphic file (type pdf)
<use proyecto-reduccion-dimensionalidad_files/figure-latex/umaprecipe-1.pdf>
Package pdftex.def Info: proyecto-reduccion-dimensionalidad_files/figure-latex/
umaprecipe-1.pdf  used on input line 593.
(pdftex.def)             Requested size: 433.61894pt x 216.80946pt.
[14 <./proyecto-reduccion-dimensionalidad_files/figure-latex/umapchance-1.pdf> 
<./proyecto-reduccion-dimensionalidad_files/figure-latex/umapresearch-1.pdf>]
<proyecto-reduccion-dimensionalidad_files/figure-latex/umapgrid-1.pdf, id=303, 
433.62pt x 382.42876pt>
File: proyecto-reduccion-dimensionalidad_files/figure-latex/umapgrid-1.pdf Grap
hic file (type pdf)
<use proyecto-reduccion-dimensionalidad_files/figure-latex/umapgrid-1.pdf>
Package pdftex.def Info: proyecto-reduccion-dimensionalidad_files/figure-latex/
umapgrid-1.pdf  used on input line 604.
(pdftex.def)             Requested size: 433.61894pt x 382.42781pt.
<proyecto-reduccion-dimensionalidad_files/figure-latex/umapfinal-1.pdf, id=305,
 433.62pt x 216.81pt>
File: proyecto-reduccion-dimensionalidad_files/figure-latex/umapfinal-1.pdf Gra
phic file (type pdf)
<use proyecto-reduccion-dimensionalidad_files/figure-latex/umapfinal-1.pdf>
Package pdftex.def Info: proyecto-reduccion-dimensionalidad_files/figure-latex/
umapfinal-1.pdf  used on input line 615.
(pdftex.def)             Requested size: 433.61894pt x 216.80946pt.
[15 <./proyecto-reduccion-dimensionalidad_files/figure-latex/umapmulti-1.pdf> <
./proyecto-reduccion-dimensionalidad_files/figure-latex/umaprecipe-1.pdf>]

LaTeX Warning: Text page 16 contains only floats.

[16 <./proyecto-reduccion-dimensionalidad_files/figure-latex/umapgrid-1.pdf> <.
/proyecto-reduccion-dimensionalidad_files/figure-latex/umapfinal-1.pdf>] [17]
runsystem(latexminted cleantemp  --timestamp 20260720192001 BFCA8610422CC91C867
0167F0415B4C7)...disabled (restricted).

(proyecto-reduccion-dimensionalidad.aux
LaTeX Info: Redefining \. on input line 13.
LaTeX Info: Redefining \% on input line 13.
)
 ***********
LaTeX2e <2026-06-01>
L3 programming layer <2026-05-26>
 ***********
 ) 
Here is how much of TeX's memory you used:
 26295 strings out of 467509
 496119 string characters out of 5408780
 1109414 words of memory out of 5000000
 54890 multiletter control sequences out of 15000+600000
 682336 words of font info for 146 fonts, out of 8000000 for 9000
 1141 hyphenation exceptions out of 8191
 65i,12n,84p,1051b,553s stack positions out of 10000i,1000n,20000p,200000b,200000s
<C:/Users/Erick/AppData/Local/Programs/MiKTeX/fonts/type1/public/lm/lmbx10.pf
b><C:/Users/Erick/AppData/Local/Programs/MiKTeX/fonts/type1/public/lm/lmbx12.pf
b><C:/Users/Erick/AppData/Local/Programs/MiKTeX/fonts/type1/public/lm/lmcsc10.p
fb><C:/Users/Erick/AppData/Local/Programs/MiKTeX/fonts/type1/public/lm/lmmi10.p
fb><C:/Users/Erick/AppData/Local/Programs/MiKTeX/fonts/type1/public/lm/lmmi7.pf
b><C:/Users/Erick/AppData/Local/Programs/MiKTeX/fonts/type1/public/lm/lmr10.pfb
><C:/Users/Erick/AppData/Local/Programs/MiKTeX/fonts/type1/public/lm/lmr9.pfb><
C:/Users/Erick/AppData/Local/Programs/MiKTeX/fonts/type1/public/lm/lmri10.pfb><
C:/Users/Erick/AppData/Local/Programs/MiKTeX/fonts/type1/public/lm/lmsy10.pfb><
C:/Users/Erick/AppData/Local/Programs/MiKTeX/fonts/type1/public/lm/lmtk10.pfb><
C:/Users/Erick/AppData/Local/Programs/MiKTeX/fonts/type1/public/lm/lmtt10.pfb>
Output written on proyecto-reduccion-dimensionalidad.pdf (17 pages, 2337317 byt
es).
PDF statistics:
 472 PDF objects out of 1000 (max. 8388607)
 59 named destinations out of 1000 (max. 500000)
 28888 words of extra memory for PDF output out of 29859 (max. 10000000)

